[debug] ----------------------------------------------------------------------
[debug] Command:      /Users/userone/.nvm/versions/node/v7.9.0/bin/node /Users/userone/.nvm/versions/node/v7.9.0/bin/firebase serve
[debug] CLI Version:  3.6.1
[debug] Platform:     darwin
[debug] Node Version: v7.9.0
[debug] Time:         Sun Apr 30 2017 19:00:49 GMT+0100 (BST)
[debug] ----------------------------------------------------------------------
[debug] 
[debug] > command requires scopes: ["email","openid","https://www.googleapis.com/auth/cloudplatformprojects.readonly","https://www.googleapis.com/auth/firebase","https://www.googleapis.com/auth/cloud-platform"]
[debug] > refreshing access token with scopes: ["email","https://www.googleapis.com/auth/cloud-platform","https://www.googleapis.com/auth/cloudplatformprojects.readonly","https://www.googleapis.com/auth/firebase","openid"]
[debug] >>> HTTP REQUEST POST https://www.googleapis.com/oauth2/v3/token { refresh_token: '1/rObiKBE9F6lIueOPB_sLvFtMRg9o7vt6IbzJbVpFTXQ',
  client_id: '563584335869-fgrhgmd47bqnekij5i8b5pr03ho849e6.apps.googleusercontent.com',
  client_secret: 'j9iVZfS8kkCEFUPaAeJV0sAi',
  grant_type: 'refresh_token',
  scope: 'email https://www.googleapis.com/auth/cloud-platform https://www.googleapis.com/auth/cloudplatformprojects.readonly https://www.googleapis.com/auth/firebase openid' } 
 Sun Apr 30 2017 19:00:49 GMT+0100 (BST)
[debug] <<< HTTP RESPONSE 200
[debug] >>> HTTP REQUEST GET https://admin.firebase.com/v1/projects/polyapp-49126  
 Sun Apr 30 2017 19:00:53 GMT+0100 (BST)
[debug] <<< HTTP RESPONSE 200
[debug] >>> HTTP REQUEST GET https://admin.firebase.com/v1/database/polyapp-49126/tokens  
 Sun Apr 30 2017 19:00:55 GMT+0100 (BST)
[debug] <<< HTTP RESPONSE 200
[info] Starting Firebase development server...
[info] 
[info] Project Directory: /Users/userone/polyapp
[debug] >>> HTTP REQUEST GET https://cloudresourcemanager.googleapis.com/v1/projects/polyapp-49126  
 Sun Apr 30 2017 19:00:56 GMT+0100 (BST)
[debug] <<< HTTP RESPONSE 200
[debug] >>> HTTP REQUEST GET https://mobilesdk-pa.googleapis.com/v1/projects/108681012023/clients/_:getWebAppConfig  
 Sun Apr 30 2017 19:00:57 GMT+0100 (BST)
[debug] <<< HTTP RESPONSE 200
[info] Public Directory: public
[info] 
[info] Server listening at: http://localhost:5000
